<?xml version="1.0" encoding="UTF-8" ?>
<testsuite tests="7" failures="6" name="at.kaindorf.plf1.booksdb.pojos.BookauthorTest" time="0.001" errors="0" skipped="0">
  <properties>
[...]
</properties>
  <testcase classname="at.kaindorf.plf1.booksdb.pojos.BookauthorTest" name="at.kaindorf.plf1.booksdb.pojos.BookauthorTest.testColumnAnnotationID2" time="0">
    <failure message="bookId" type="java.lang.NoSuchFieldException">java.lang.NoSuchFieldException: bookId
	at java.base/java.lang.Class.getDeclaredField(Class.java:2416)
	at at.kaindorf.plf1.booksdb.pojos.BookauthorTest.testColumnAnnotationID2(BookauthorTest.java:97)
</failure>
    <system-out>@JoinColumn-Annotation-bookId
</system-out>
  </testcase>
  <testcase classname="at.kaindorf.plf1.booksdb.pojos.BookauthorTest" name="at.kaindorf.plf1.booksdb.pojos.BookauthorTest.testManyToOneAnnotation2" time="0">
    <failure message="bookId" type="java.lang.NoSuchFieldException">java.lang.NoSuchFieldException: bookId
	at java.base/java.lang.Class.getDeclaredField(Class.java:2416)
	at at.kaindorf.plf1.booksdb.pojos.BookauthorTest.testManyToOneAnnotation2(BookauthorTest.java:105)
</failure>
    <system-out>@ManyToOne-Annotation-bookId</system-out>
  </testcase>
  <testcase classname="at.kaindorf.plf1.booksdb.pojos.BookauthorTest" name="at.kaindorf.plf1.booksdb.pojos.BookauthorTest.testClassAnnotation" time="0"/>
  <testcase classname="at.kaindorf.plf1.booksdb.pojos.BookauthorTest" name="at.kaindorf.plf1.booksdb.pojos.BookauthorTest.testIdAnnotation" time="0.001">
    <failure message="authorId" type="java.lang.NoSuchFieldException">java.lang.NoSuchFieldException: authorId
	at java.base/java.lang.Class.getDeclaredField(Class.java:2416)
	at at.kaindorf.plf1.booksdb.pojos.BookauthorTest.testIdAnnotation(BookauthorTest.java:62)
</failure>
    <system-out>@Id-Annotation-authorId</system-out>
  </testcase>
  <testcase classname="at.kaindorf.plf1.booksdb.pojos.BookauthorTest" name="at.kaindorf.plf1.booksdb.pojos.BookauthorTest.testColumnAnnotationID" time="0">
    <failure message="authorId" type="java.lang.NoSuchFieldException">java.lang.NoSuchFieldException: authorId
	at java.base/java.lang.Class.getDeclaredField(Class.java:2416)
	at at.kaindorf.plf1.booksdb.pojos.BookauthorTest.testColumnAnnotationID(BookauthorTest.java:71)
</failure>
    <system-out>@JoinColumn-Annotation-authorId
</system-out>
  </testcase>
  <testcase classname="at.kaindorf.plf1.booksdb.pojos.BookauthorTest" name="at.kaindorf.plf1.booksdb.pojos.BookauthorTest.testManyToOneAnnotation" time="0">
    <failure message="authorId" type="java.lang.NoSuchFieldException">java.lang.NoSuchFieldException: authorId
	at java.base/java.lang.Class.getDeclaredField(Class.java:2416)
	at at.kaindorf.plf1.booksdb.pojos.BookauthorTest.testManyToOneAnnotation(BookauthorTest.java:79)
</failure>
    <system-out>@ManyToOne-Annotation-authorId</system-out>
  </testcase>
  <testcase classname="at.kaindorf.plf1.booksdb.pojos.BookauthorTest" name="at.kaindorf.plf1.booksdb.pojos.BookauthorTest.testIdAnnotation2" time="0">
    <failure message="bookId" type="java.lang.NoSuchFieldException">java.lang.NoSuchFieldException: bookId
	at java.base/java.lang.Class.getDeclaredField(Class.java:2416)
	at at.kaindorf.plf1.booksdb.pojos.BookauthorTest.testIdAnnotation2(BookauthorTest.java:88)
</failure>
    <system-out>@Id-Annotation-bookId</system-out>
  </testcase>
</testsuite>