<?xml version="1.0" encoding="UTF-8" ?>
<testsuite tests="8" failures="1" name="at.kaindorf.plf1.booksdb.pojos.AuthorTest" time="0" errors="0" skipped="0">
  <properties>
[...]
</properties>
  <testcase classname="at.kaindorf.plf1.booksdb.pojos.AuthorTest" name="at.kaindorf.plf1.booksdb.pojos.AuthorTest.testColumnAnnotationFirstname" time="0"/>
  <testcase classname="at.kaindorf.plf1.booksdb.pojos.AuthorTest" name="at.kaindorf.plf1.booksdb.pojos.AuthorTest.testNamedQueryAnnotation1" time="0"/>
  <testcase classname="at.kaindorf.plf1.booksdb.pojos.AuthorTest" name="at.kaindorf.plf1.booksdb.pojos.AuthorTest.testClassAnnotation" time="0"/>
  <testcase classname="at.kaindorf.plf1.booksdb.pojos.AuthorTest" name="at.kaindorf.plf1.booksdb.pojos.AuthorTest.testIdAnnotation" time="0"/>
  <testcase classname="at.kaindorf.plf1.booksdb.pojos.AuthorTest" name="at.kaindorf.plf1.booksdb.pojos.AuthorTest.testColumnAnnotationID" time="0"/>
  <testcase classname="at.kaindorf.plf1.booksdb.pojos.AuthorTest" name="at.kaindorf.plf1.booksdb.pojos.AuthorTest.testGenValAnnotation" time="0"/>
  <testcase classname="at.kaindorf.plf1.booksdb.pojos.AuthorTest" name="at.kaindorf.plf1.booksdb.pojos.AuthorTest.testOneToManyAnnotation" time="0">
    <failure message="expected: &lt;true&gt; but was: &lt;false&gt;" type="org.opentest4j.AssertionFailedError">org.opentest4j.AssertionFailedError: expected: &lt;true&gt; but was: &lt;false&gt;
	at org.junit.jupiter.api.AssertionUtils.fail(AssertionUtils.java:54)
	at org.junit.jupiter.api.AssertEquals.failNotEqual(AssertEquals.java:195)
	at org.junit.jupiter.api.AssertEquals.assertEquals(AssertEquals.java:184)
	at org.junit.jupiter.api.AssertEquals.assertEquals(AssertEquals.java:179)
	at org.junit.jupiter.api.Assertions.assertEquals(Assertions.java:508)
	at at.kaindorf.plf1.booksdb.pojos.AuthorTest.testOneToManyAnnotation(AuthorTest.java:105)
</failure>
    <system-out>@OneToMany-Annotation failed &lt;&lt;&lt;&lt;&lt;
</system-out>
  </testcase>
  <testcase classname="at.kaindorf.plf1.booksdb.pojos.AuthorTest" name="at.kaindorf.plf1.booksdb.pojos.AuthorTest.testNamedQueryAnnotation2" time="0"/>
</testsuite>