-------------------------------------------------------------------------------
Test set: at.kaindorf.plf1.examdb.pojos.ClassnameTest
-------------------------------------------------------------------------------
Tests run: 6, Failures: 6, Errors: 0, Skipped: 0, Time elapsed: 0.009 sec <<< FAILURE!
at.kaindorf.plf1.examdb.pojos.ClassnameTest.testClassAnnotation()  Time elapsed: 0.005 sec  <<< FAILURE!
org.opentest4j.AssertionFailedError: expected: <true> but was: <false>
	at org.junit.jupiter.api.AssertionUtils.fail(AssertionUtils.java:54)
	at org.junit.jupiter.api.AssertEquals.failNotEqual(AssertEquals.java:195)
	at org.junit.jupiter.api.AssertEquals.assertEquals(AssertEquals.java:184)
	at org.junit.jupiter.api.AssertEquals.assertEquals(AssertEquals.java:179)
	at org.junit.jupiter.api.Assertions.assertEquals(Assertions.java:508)
	at at.kaindorf.plf1.examdb.pojos.ClassnameTest.testClassAnnotation(ClassnameTest.java:50)

at.kaindorf.plf1.examdb.pojos.ClassnameTest.testGenValAnnotation()  Time elapsed: 0.001 sec  <<< FAILURE!
org.opentest4j.AssertionFailedError: expected: <true> but was: <false>
	at org.junit.jupiter.api.AssertionUtils.fail(AssertionUtils.java:54)
	at org.junit.jupiter.api.AssertEquals.failNotEqual(AssertEquals.java:195)
	at org.junit.jupiter.api.AssertEquals.assertEquals(AssertEquals.java:184)
	at org.junit.jupiter.api.AssertEquals.assertEquals(AssertEquals.java:179)
	at org.junit.jupiter.api.Assertions.assertEquals(Assertions.java:508)
	at at.kaindorf.plf1.examdb.pojos.ClassnameTest.testGenValAnnotation(ClassnameTest.java:66)

at.kaindorf.plf1.examdb.pojos.ClassnameTest.testColumnAnnotation2()  Time elapsed: 0.001 sec  <<< FAILURE!
java.lang.NullPointerException
	at at.kaindorf.plf1.examdb.pojos.ClassnameTest.testColumnAnnotation2(ClassnameTest.java:81)

at.kaindorf.plf1.examdb.pojos.ClassnameTest.testColumnAnnotation1()  Time elapsed: 0 sec  <<< FAILURE!
java.lang.NullPointerException
	at at.kaindorf.plf1.examdb.pojos.ClassnameTest.testColumnAnnotation1(ClassnameTest.java:73)

at.kaindorf.plf1.examdb.pojos.ClassnameTest.testOneToManyAnnotation()  Time elapsed: 0.001 sec  <<< FAILURE!
org.opentest4j.AssertionFailedError: expected: <true> but was: <false>
	at org.junit.jupiter.api.AssertionUtils.fail(AssertionUtils.java:54)
	at org.junit.jupiter.api.AssertEquals.failNotEqual(AssertEquals.java:195)
	at org.junit.jupiter.api.AssertEquals.assertEquals(AssertEquals.java:184)
	at org.junit.jupiter.api.AssertEquals.assertEquals(AssertEquals.java:179)
	at org.junit.jupiter.api.Assertions.assertEquals(Assertions.java:508)
	at at.kaindorf.plf1.examdb.pojos.ClassnameTest.testOneToManyAnnotation(ClassnameTest.java:96)

at.kaindorf.plf1.examdb.pojos.ClassnameTest.testIdAnnotation()  Time elapsed: 0.001 sec  <<< FAILURE!
org.opentest4j.AssertionFailedError: expected: <true> but was: <false>
	at org.junit.jupiter.api.AssertionUtils.fail(AssertionUtils.java:54)
	at org.junit.jupiter.api.AssertEquals.failNotEqual(AssertEquals.java:195)
	at org.junit.jupiter.api.AssertEquals.assertEquals(AssertEquals.java:184)
	at org.junit.jupiter.api.AssertEquals.assertEquals(AssertEquals.java:179)
	at org.junit.jupiter.api.Assertions.assertEquals(Assertions.java:508)
	at at.kaindorf.plf1.examdb.pojos.ClassnameTest.testIdAnnotation(ClassnameTest.java:58)

