<?xml version="1.0" encoding="UTF-8" ?>
<testsuite tests="11" failures="11" name="at.kaindorf.plf1.examdb.pojos.StudentTest" time="0.002" errors="0" skipped="0">
  <properties>
    <property name="java.runtime.name" value="Java(TM) SE Runtime Environment"/>
    <property name="java.vm.version" value="12.0.2+10"/>
    <property name="sun.boot.library.path" value="C:\Program Files\Java\jdk-12.0.2\bin"/>
    <property name="maven.multiModuleProjectDirectory" value="C:\local\schule\projekte\java\pool\pos5\plf1-jpa_examDB_template"/>
    <property name="java.vm.vendor" value="Oracle Corporation"/>
    <property name="java.vendor.url" value="https://java.oracle.com/"/>
    <property name="guice.disable.misplaced.annotation.check" value="true"/>
    <property name="path.separator" value=";"/>
    <property name="java.vm.name" value="Java HotSpot(TM) 64-Bit Server VM"/>
    <property name="sun.os.patch.level" value=""/>
    <property name="user.script" value=""/>
    <property name="user.country" value="AT"/>
    <property name="sun.java.launcher" value="SUN_STANDARD"/>
    <property name="java.vm.specification.name" value="Java Virtual Machine Specification"/>
    <property name="user.dir" value="C:\local\schule\projekte\java\pool\pos5\plf1-jpa_examDB_template"/>
    <property name="java.vm.compressedOopsMode" value="Zero based"/>
    <property name="java.runtime.version" value="12.0.2+10"/>
    <property name="java.awt.graphicsenv" value="sun.awt.Win32GraphicsEnvironment"/>
    <property name="os.arch" value="amd64"/>
    <property name="java.io.tmpdir" value="C:\Users\heinz\AppData\Local\Temp\"/>
    <property name="line.separator" value="
"/>
    <property name="java.vm.specification.vendor" value="Oracle Corporation"/>
    <property name="user.variant" value=""/>
    <property name="os.name" value="Windows 10"/>
    <property name="maven.ext.class.path" value="C:\Program Files\NetBeans-11.1\netbeans\java\maven-nblib\netbeans-eventspy.jar"/>
    <property name="classworlds.conf" value="C:\Program Files\NetBeans-11.1\netbeans\java\maven\bin\m2.conf"/>
    <property name="sun.jnu.encoding" value="Cp1252"/>
    <property name="java.library.path" value="C:\Program Files\Java\jdk-12.0.2\bin;C:\Windows\Sun\Java\bin;C:\Windows\system32;C:\Windows;C:\Program Files (x86)\Common Files\Oracle\Java\javapath;C:\Windows\system32;C:\Windows;C:\Windows\System32\Wbem;C:\Windows\System32\WindowsPowerShell\v1.0\;C:\Windows\System32\OpenSSH\;C:\Program Files (x86)\NVIDIA Corporation\PhysX\Common;C:\Program Files\NVIDIA Corporation\NVIDIA NvDLISR;C:\Program Files (x86)\Gradle\gradle-5.6.2\bin\;C:\Program Files\Git\cmd;C:\Users\heinz\AppData\Local\Microsoft\WindowsApps;;."/>
    <property name="jdk.debug" value="release"/>
    <property name="java.class.version" value="56.0"/>
    <property name="java.specification.name" value="Java Platform API Specification"/>
    <property name="sun.management.compiler" value="HotSpot 64-Bit Tiered Compilers"/>
    <property name="os.version" value="10.0"/>
    <property name="user.home" value="C:\Users\heinz"/>
    <property name="user.timezone" value="Europe/Vienna"/>
    <property name="file.encoding" value="UTF-8"/>
    <property name="java.specification.version" value="12"/>
    <property name="user.name" value="heinz"/>
    <property name="java.class.path" value="C:\Program Files\NetBeans-11.1\netbeans\java\maven\boot\plexus-classworlds-2.5.2.jar"/>
    <property name="java.vm.specification.version" value="12"/>
    <property name="sun.arch.data.model" value="64"/>
    <property name="sun.java.command" value="org.codehaus.plexus.classworlds.launcher.Launcher -Dmaven.ext.class.path=C:\Program Files\NetBeans-11.1\netbeans\java\maven-nblib\netbeans-eventspy.jar -Dfile.encoding=UTF-8 test"/>
    <property name="java.home" value="C:\Program Files\Java\jdk-12.0.2"/>
    <property name="user.language" value="de"/>
    <property name="java.specification.vendor" value="Oracle Corporation"/>
    <property name="awt.toolkit" value="sun.awt.windows.WToolkit"/>
    <property name="java.vm.info" value="mixed mode, sharing"/>
    <property name="java.version" value="12.0.2"/>
    <property name="java.vendor" value="Oracle Corporation"/>
    <property name="maven.home" value="C:\Program Files\NetBeans-11.1\netbeans\java\maven"/>
    <property name="file.separator" value="\"/>
    <property name="java.version.date" value="2019-07-16"/>
    <property name="java.vendor.url.bug" value="https://bugreport.java.com/bugreport/"/>
    <property name="sun.io.unicode.encoding" value="UnicodeLittle"/>
    <property name="sun.cpu.endian" value="little"/>
    <property name="sun.desktop" value="windows"/>
    <property name="sun.cpu.isalist" value="amd64"/>
  </properties>
  <testcase classname="at.kaindorf.plf1.examdb.pojos.StudentTest" name="at.kaindorf.plf1.examdb.pojos.StudentTest.testClassAnnotation" time="0.001">
    <failure message="expected: &lt;true&gt; but was: &lt;false&gt;" type="org.opentest4j.AssertionFailedError">org.opentest4j.AssertionFailedError: expected: &lt;true&gt; but was: &lt;false&gt;
	at org.junit.jupiter.api.AssertionUtils.fail(AssertionUtils.java:54)
	at org.junit.jupiter.api.AssertEquals.failNotEqual(AssertEquals.java:195)
	at org.junit.jupiter.api.AssertEquals.assertEquals(AssertEquals.java:184)
	at org.junit.jupiter.api.AssertEquals.assertEquals(AssertEquals.java:179)
	at org.junit.jupiter.api.Assertions.assertEquals(Assertions.java:508)
	at at.kaindorf.plf1.examdb.pojos.StudentTest.testClassAnnotation(StudentTest.java:57)
</failure>
    <system-out>@Entity-Annotation failed &lt;&lt;&lt;&lt;&lt;
</system-out>
  </testcase>
  <testcase classname="at.kaindorf.plf1.examdb.pojos.StudentTest" name="at.kaindorf.plf1.examdb.pojos.StudentTest.testGenValAnnotation" time="0">
    <failure message="expected: &lt;true&gt; but was: &lt;false&gt;" type="org.opentest4j.AssertionFailedError">org.opentest4j.AssertionFailedError: expected: &lt;true&gt; but was: &lt;false&gt;
	at org.junit.jupiter.api.AssertionUtils.fail(AssertionUtils.java:54)
	at org.junit.jupiter.api.AssertEquals.failNotEqual(AssertEquals.java:195)
	at org.junit.jupiter.api.AssertEquals.assertEquals(AssertEquals.java:184)
	at org.junit.jupiter.api.AssertEquals.assertEquals(AssertEquals.java:179)
	at org.junit.jupiter.api.Assertions.assertEquals(Assertions.java:508)
	at at.kaindorf.plf1.examdb.pojos.StudentTest.testGenValAnnotation(StudentTest.java:75)
</failure>
    <system-out>@GeneratedValue-Annotation failed &lt;&lt;&lt;&lt;&lt;
</system-out>
  </testcase>
  <testcase classname="at.kaindorf.plf1.examdb.pojos.StudentTest" name="at.kaindorf.plf1.examdb.pojos.StudentTest.testColumnAnnotationID" time="0">
    <failure type="java.lang.NullPointerException">java.lang.NullPointerException
	at at.kaindorf.plf1.examdb.pojos.StudentTest.testColumnAnnotationID(StudentTest.java:82)
</failure>
    <system-out>@Column-Annotation-classId
</system-out>
  </testcase>
  <testcase classname="at.kaindorf.plf1.examdb.pojos.StudentTest" name="at.kaindorf.plf1.examdb.pojos.StudentTest.testManyToOneAnnotation" time="0">
    <failure message="expected: &lt;true&gt; but was: &lt;false&gt;" type="org.opentest4j.AssertionFailedError">org.opentest4j.AssertionFailedError: expected: &lt;true&gt; but was: &lt;false&gt;
	at org.junit.jupiter.api.AssertionUtils.fail(AssertionUtils.java:54)
	at org.junit.jupiter.api.AssertEquals.failNotEqual(AssertEquals.java:195)
	at org.junit.jupiter.api.AssertEquals.assertEquals(AssertEquals.java:184)
	at org.junit.jupiter.api.AssertEquals.assertEquals(AssertEquals.java:179)
	at org.junit.jupiter.api.Assertions.assertEquals(Assertions.java:508)
	at at.kaindorf.plf1.examdb.pojos.StudentTest.testManyToOneAnnotation(StudentTest.java:122)
</failure>
    <system-out>@ManyToOne-Annotation failed &lt;&lt;&lt;&lt;&lt;
</system-out>
  </testcase>
  <testcase classname="at.kaindorf.plf1.examdb.pojos.StudentTest" name="at.kaindorf.plf1.examdb.pojos.StudentTest.testNamedQueryAnnotation1" time="0">
    <failure type="java.lang.NullPointerException">java.lang.NullPointerException
	at at.kaindorf.plf1.examdb.pojos.StudentTest.testNamedQueryAnnotation1(StudentTest.java:138)
</failure>
    <system-out>@NamedQuery1-Annotation</system-out>
  </testcase>
  <testcase classname="at.kaindorf.plf1.examdb.pojos.StudentTest" name="at.kaindorf.plf1.examdb.pojos.StudentTest.testNamedQueryAnnotation2" time="0">
    <failure type="java.lang.NullPointerException">java.lang.NullPointerException
	at at.kaindorf.plf1.examdb.pojos.StudentTest.testNamedQueryAnnotation2(StudentTest.java:147)
</failure>
    <system-out>@NamedQuery2-Annotation</system-out>
  </testcase>
  <testcase classname="at.kaindorf.plf1.examdb.pojos.StudentTest" name="at.kaindorf.plf1.examdb.pojos.StudentTest.testOneToManyAnnotation" time="0">
    <failure message="expected: &lt;true&gt; but was: &lt;false&gt;" type="org.opentest4j.AssertionFailedError">org.opentest4j.AssertionFailedError: expected: &lt;true&gt; but was: &lt;false&gt;
	at org.junit.jupiter.api.AssertionUtils.fail(AssertionUtils.java:54)
	at org.junit.jupiter.api.AssertEquals.failNotEqual(AssertEquals.java:195)
	at org.junit.jupiter.api.AssertEquals.assertEquals(AssertEquals.java:184)
	at org.junit.jupiter.api.AssertEquals.assertEquals(AssertEquals.java:179)
	at org.junit.jupiter.api.Assertions.assertEquals(Assertions.java:508)
	at at.kaindorf.plf1.examdb.pojos.StudentTest.testOneToManyAnnotation(StudentTest.java:113)
</failure>
    <system-out>@OneToMany-Annotation failed &lt;&lt;&lt;&lt;&lt;
</system-out>
  </testcase>
  <testcase classname="at.kaindorf.plf1.examdb.pojos.StudentTest" name="at.kaindorf.plf1.examdb.pojos.StudentTest.testColumnAnnotationFirstname" time="0">
    <failure type="java.lang.NullPointerException">java.lang.NullPointerException
	at at.kaindorf.plf1.examdb.pojos.StudentTest.testColumnAnnotationFirstname(StudentTest.java:90)
</failure>
    <system-out>@Column-Annotation firstanme</system-out>
  </testcase>
  <testcase classname="at.kaindorf.plf1.examdb.pojos.StudentTest" name="at.kaindorf.plf1.examdb.pojos.StudentTest.testColumnAnnotationLastname" time="0">
    <failure type="java.lang.NullPointerException">java.lang.NullPointerException
	at at.kaindorf.plf1.examdb.pojos.StudentTest.testColumnAnnotationLastname(StudentTest.java:99)
</failure>
    <system-out>@Column-Annotation lastanme</system-out>
  </testcase>
  <testcase classname="at.kaindorf.plf1.examdb.pojos.StudentTest" name="at.kaindorf.plf1.examdb.pojos.StudentTest.testJoinColumnAnnotation" time="0">
    <failure type="java.lang.NullPointerException">java.lang.NullPointerException
	at at.kaindorf.plf1.examdb.pojos.StudentTest.testJoinColumnAnnotation(StudentTest.java:129)
</failure>
    <system-out>@JoinColumn-Annotation</system-out>
  </testcase>
  <testcase classname="at.kaindorf.plf1.examdb.pojos.StudentTest" name="at.kaindorf.plf1.examdb.pojos.StudentTest.testIdAnnotation" time="0.001">
    <failure message="expected: &lt;true&gt; but was: &lt;false&gt;" type="org.opentest4j.AssertionFailedError">org.opentest4j.AssertionFailedError: expected: &lt;true&gt; but was: &lt;false&gt;
	at org.junit.jupiter.api.AssertionUtils.fail(AssertionUtils.java:54)
	at org.junit.jupiter.api.AssertEquals.failNotEqual(AssertEquals.java:195)
	at org.junit.jupiter.api.AssertEquals.assertEquals(AssertEquals.java:184)
	at org.junit.jupiter.api.AssertEquals.assertEquals(AssertEquals.java:179)
	at org.junit.jupiter.api.Assertions.assertEquals(Assertions.java:508)
	at at.kaindorf.plf1.examdb.pojos.StudentTest.testIdAnnotation(StudentTest.java:66)
</failure>
    <system-out>@Id-Annotation failed &lt;&lt;&lt;&lt;&lt;
</system-out>
  </testcase>
</testsuite>