<?xml version="1.0" encoding="UTF-8" ?>
<testsuite errors="0" failures="0" hostname="m3800" name="bl.AreaTest" skipped="0" tests="12" time="0.12" timestamp="2019-10-30T09:07:19">
  <properties>
[...]
</properties>
  <testcase classname="bl.AreaTest" name="testArea[0]" time="0.005" />
  <testcase classname="bl.AreaTest" name="testArea[1]" time="0.0" />
  <testcase classname="bl.AreaTest" name="testArea[2]" time="0.0" />
  <testcase classname="bl.AreaTest" name="testArea[3]" time="0.001" />
  <testcase classname="bl.AreaTest" name="testArea[4]" time="0.001" />
  <testcase classname="bl.AreaTest" name="testArea[5]" time="0.0" />
  <testcase classname="bl.AreaTest" name="testArea[6]" time="0.0" />
  <testcase classname="bl.AreaTest" name="testArea[7]" time="0.001" />
  <testcase classname="bl.AreaTest" name="testArea[8]" time="0.0" />
  <testcase classname="bl.AreaTest" name="testArea[9]" time="0.0" />
  <testcase classname="bl.AreaTest" name="testArea[10]" time="0.001" />
  <testcase classname="bl.AreaTest" name="testArea[11]" time="0.0" />
  <system-out><![CDATA[getArea (+43/1/12.34.56) W
getArea (+43/2/12.34.56) NÖ
getArea (+43/3/12.34.56) ST
getArea (+43/4/12.34.56) K
getArea (+43/5/12.34.56) T-V
getArea (+43/60/12.34.56) S
getArea (+43/61/12.34.56) S
getArea (+43/64/12.34.56) S
getArea (+43/65/12.34.56) Mobil
getArea (+43/667/12.34.56) Mobil
getArea (+43/69/12.34.56) Mobil
getArea (+43/7/12.34.56) OÖ
]]></system-out>
  <system-err><![CDATA[]]></system-err>
</testsuite>
