<?xml version="1.0" encoding="UTF-8" ?>
<testsuite errors="0" failures="0" hostname="m3800" name="bl.SelfTest" skipped="0" tests="1" time="0.106" timestamp="2019-10-30T09:07:20">
  <properties>
[...]
</properties>
  <testcase classname="bl.SelfTest" name="testGetArea" time="0.017" />
  <system-out><![CDATA[Selftest: (telnr: +43/68439/31.105.813) 
Selftest: (telnr: +43/56/84.65.43) 
Selftest: (telnr: +43/5631/57.88.92) 
Selftest: (telnr: +43/552/79.45.94) 
Selftest: (telnr: +43/5955/91.53.11) 
Selftest: (telnr: +43/59/84.28.34) 
Selftest: (telnr: +43/56/58.87.92) 
Selftest: (telnr: +43/49/91.27.28) 
Selftest: (telnr: +43/633/29.02.58) 
Selftest: (telnr: +43/252/21.04.80) 
Selftest: (telnr: +43/2254/48.67.20) 
Selftest: (telnr: +43/679/74.152.106) 
Selftest: (telnr: +43/26/85.00.92) 
Selftest: (telnr: +43/3217/63.54.28) 
Selftest: (telnr: +43/23/19.96.61) 
Selftest: (telnr: +43/659/83.236.685) 
Selftest: (telnr: +43/7849/47.56.35) 
Selftest: (telnr: +43/78/80.73.40) 
Selftest: (telnr: +43/781/92.84.14) 
Selftest: (telnr: +43/2753/18.77.35) 
Selftest: (telnr: +43/166/36.88.23) 
Selftest: (telnr: +43/146/27.93.77) 
Selftest: (telnr: +43/7528/48.55.72) 
Selftest: (telnr: +43/64139/67.96.58) 
Selftest: (telnr: +43/76659/55.10.89) 
Selftest: (telnr: +43/5586/92.53.39) 
Selftest: (telnr: +43/67/25.598.535) 
Selftest: (telnr: +43/4319/47.40.07) 
Selftest: (telnr: +43/76393/71.55.17) 
Selftest: (telnr: +43/6929/46.215.400) 
Selftest: (telnr: +43/552/64.80.68) 
Selftest: (telnr: +43/159/40.18.48) 
Selftest: (telnr: +43/4282/41.45.54) 
Selftest: (telnr: +43/554/17.68.12) 
Selftest: (telnr: +43/73867/46.11.22) 
Selftest: (telnr: +43/5137/12.99.47) 
Selftest: (telnr: +43/6117/80.42.94) 
Selftest: (telnr: +43/31/47.06.40) 
Selftest: (telnr: +43/44/23.80.43) 
Selftest: (telnr: +43/737/10.05.24) 
Selftest: (telnr: +43/47/20.96.47) 
Selftest: (telnr: +43/554/60.09.05) 
Selftest: (telnr: +43/5771/35.74.31) 
Selftest: (telnr: +43/469/77.54.51) 
Selftest: (telnr: +43/6232/26.30.25) 
Selftest: (telnr: +43/439/48.68.21) 
Selftest: (telnr: +43/71763/43.41.49) 
Selftest: (telnr: +43/212/65.71.31) 
Selftest: (telnr: +43/5336/43.55.35) 
Selftest: (telnr: +43/15/38.15.73) 
Selftest: (telnr: +43/728/79.85.97) 
Selftest: (telnr: +43/264/58.44.70) 
Selftest: (telnr: +43/225/86.32.98) 
Selftest: (telnr: +43/488/75.24.84) 
Selftest: (telnr: +43/493/78.02.83) 
Selftest: (telnr: +43/7142/88.09.36) 
Selftest: (telnr: +43/2211/59.91.04) 
Selftest: (telnr: +43/63643/50.95.15) 
Selftest: (telnr: +43/7154/91.93.79) 
Selftest: (telnr: +43/793/51.41.16) 
Selftest: (telnr: +43/465/62.47.94) 
Selftest: (telnr: +43/133/58.39.15) 
Selftest: (telnr: +43/232/70.80.44) 
Selftest: (telnr: +43/5718/19.07.86) 
Selftest: (telnr: +43/388/84.92.42) 
Selftest: (telnr: +43/38/93.05.20) 
Selftest: (telnr: +43/11/39.84.36) 
Selftest: (telnr: +43/684/94.676.554) 
Selftest: (telnr: +43/64/40.10.55) 
Selftest: (telnr: +43/7941/65.48.23) 
Selftest: (telnr: +43/53/38.69.35) 
Selftest: (telnr: +43/661/27.611.429) 
Selftest: (telnr: +43/745/13.74.93) 
Selftest: (telnr: +43/1785/89.08.35) 
Selftest: (telnr: +43/53761/68.67.42) 
Selftest: (telnr: +43/26/43.73.08) 
Selftest: (telnr: +43/719/85.92.09) 
Selftest: (telnr: +43/2592/65.80.17) 
Selftest: (telnr: +43/1429/57.97.43) 
Selftest: (telnr: +43/182/48.93.53) 
Selftest: (telnr: +43/77559/44.79.28) 
Selftest: (telnr: +43/526/28.72.35) 
Selftest: (telnr: +43/4977/31.29.26) 
Selftest: (telnr: +43/22168/98.95.36) 
Selftest: (telnr: +43/65/83.880.486) 
Selftest: (telnr: +43/75358/60.13.60) 
Selftest: (telnr: +43/7363/61.85.55) 
Selftest: (telnr: +43/447/38.37.51) 
Selftest: (telnr: +43/7251/92.12.02) 
Selftest: (telnr: +43/536/30.38.64) 
Selftest: (telnr: +43/4547/60.30.61) 
Selftest: (telnr: +43/438/80.49.44) 
Selftest: (telnr: +43/454/10.52.48) 
Selftest: (telnr: +43/236/42.26.05) 
Selftest: (telnr: +43/171/64.97.34) 
Selftest: (telnr: +43/7582/47.65.24) 
Selftest: (telnr: +43/585/67.76.41) 
Selftest: (telnr: +43/7241/36.54.38) 
Selftest: (telnr: +43/783/66.67.98) 
Selftest: (telnr: +43/258/16.94.65) 
Selftest: (sum: 100) 
]]></system-out>
  <system-err><![CDATA[]]></system-err>
</testsuite>
