-------------------------------------------------------------------------------
Test set: at.kaindorf.plf1.examdb.pojos.ExamTest
-------------------------------------------------------------------------------
Tests run: 8, Failures: 8, Errors: 0, Skipped: 0, Time elapsed: 0.002 sec <<< FAILURE!
at.kaindorf.plf1.examdb.pojos.ExamTest.testJoinColumnAnnotationStudent()  Time elapsed: 0 sec  <<< FAILURE!
java.lang.NullPointerException
	at at.kaindorf.plf1.examdb.pojos.ExamTest.testJoinColumnAnnotationStudent(ExamTest.java:99)

at.kaindorf.plf1.examdb.pojos.ExamTest.testClassAnnotation()  Time elapsed: 0 sec  <<< FAILURE!
org.opentest4j.AssertionFailedError: expected: <true> but was: <false>
	at org.junit.jupiter.api.AssertionUtils.fail(AssertionUtils.java:54)
	at org.junit.jupiter.api.AssertEquals.failNotEqual(AssertEquals.java:195)
	at org.junit.jupiter.api.AssertEquals.assertEquals(AssertEquals.java:184)
	at org.junit.jupiter.api.AssertEquals.assertEquals(AssertEquals.java:179)
	at org.junit.jupiter.api.Assertions.assertEquals(Assertions.java:508)
	at at.kaindorf.plf1.examdb.pojos.ExamTest.testClassAnnotation(ExamTest.java:57)

at.kaindorf.plf1.examdb.pojos.ExamTest.testGenValAnnotation()  Time elapsed: 0 sec  <<< FAILURE!
org.opentest4j.AssertionFailedError: expected: <true> but was: <false>
	at org.junit.jupiter.api.AssertionUtils.fail(AssertionUtils.java:54)
	at org.junit.jupiter.api.AssertEquals.failNotEqual(AssertEquals.java:195)
	at org.junit.jupiter.api.AssertEquals.assertEquals(AssertEquals.java:184)
	at org.junit.jupiter.api.AssertEquals.assertEquals(AssertEquals.java:179)
	at org.junit.jupiter.api.Assertions.assertEquals(Assertions.java:508)
	at at.kaindorf.plf1.examdb.pojos.ExamTest.testGenValAnnotation(ExamTest.java:75)

at.kaindorf.plf1.examdb.pojos.ExamTest.testColumnAnnotationID()  Time elapsed: 0 sec  <<< FAILURE!
java.lang.NullPointerException
	at at.kaindorf.plf1.examdb.pojos.ExamTest.testColumnAnnotationID(ExamTest.java:82)

at.kaindorf.plf1.examdb.pojos.ExamTest.testManyToOneAnnotationSubject()  Time elapsed: 0.001 sec  <<< FAILURE!
org.opentest4j.AssertionFailedError: expected: <true> but was: <false>
	at org.junit.jupiter.api.AssertionUtils.fail(AssertionUtils.java:54)
	at org.junit.jupiter.api.AssertEquals.failNotEqual(AssertEquals.java:195)
	at org.junit.jupiter.api.AssertEquals.assertEquals(AssertEquals.java:184)
	at org.junit.jupiter.api.AssertEquals.assertEquals(AssertEquals.java:179)
	at org.junit.jupiter.api.Assertions.assertEquals(Assertions.java:508)
	at at.kaindorf.plf1.examdb.pojos.ExamTest.testManyToOneAnnotationSubject(ExamTest.java:109)

at.kaindorf.plf1.examdb.pojos.ExamTest.testJoinColumnAnnotationSubject()  Time elapsed: 0 sec  <<< FAILURE!
java.lang.NullPointerException
	at at.kaindorf.plf1.examdb.pojos.ExamTest.testJoinColumnAnnotationSubject(ExamTest.java:116)

at.kaindorf.plf1.examdb.pojos.ExamTest.testManyToOneAnnotationStudent()  Time elapsed: 0 sec  <<< FAILURE!
org.opentest4j.AssertionFailedError: expected: <true> but was: <false>
	at org.junit.jupiter.api.AssertionUtils.fail(AssertionUtils.java:54)
	at org.junit.jupiter.api.AssertEquals.failNotEqual(AssertEquals.java:195)
	at org.junit.jupiter.api.AssertEquals.assertEquals(AssertEquals.java:184)
	at org.junit.jupiter.api.AssertEquals.assertEquals(AssertEquals.java:179)
	at org.junit.jupiter.api.Assertions.assertEquals(Assertions.java:508)
	at at.kaindorf.plf1.examdb.pojos.ExamTest.testManyToOneAnnotationStudent(ExamTest.java:92)

at.kaindorf.plf1.examdb.pojos.ExamTest.testIdAnnotation()  Time elapsed: 0 sec  <<< FAILURE!
org.opentest4j.AssertionFailedError: expected: <true> but was: <false>
	at org.junit.jupiter.api.AssertionUtils.fail(AssertionUtils.java:54)
	at org.junit.jupiter.api.AssertEquals.failNotEqual(AssertEquals.java:195)
	at org.junit.jupiter.api.AssertEquals.assertEquals(AssertEquals.java:184)
	at org.junit.jupiter.api.AssertEquals.assertEquals(AssertEquals.java:179)
	at org.junit.jupiter.api.Assertions.assertEquals(Assertions.java:508)
	at at.kaindorf.plf1.examdb.pojos.ExamTest.testIdAnnotation(ExamTest.java:66)

