-------------------------------------------------------------------------------
Test set: at.kaindorf.plf1.examdb.pojos.StudentTest
-------------------------------------------------------------------------------
Tests run: 11, Failures: 11, Errors: 0, Skipped: 0, Time elapsed: 0.002 sec <<< FAILURE!
at.kaindorf.plf1.examdb.pojos.StudentTest.testClassAnnotation()  Time elapsed: 0.001 sec  <<< FAILURE!
org.opentest4j.AssertionFailedError: expected: <true> but was: <false>
	at org.junit.jupiter.api.AssertionUtils.fail(AssertionUtils.java:54)
	at org.junit.jupiter.api.AssertEquals.failNotEqual(AssertEquals.java:195)
	at org.junit.jupiter.api.AssertEquals.assertEquals(AssertEquals.java:184)
	at org.junit.jupiter.api.AssertEquals.assertEquals(AssertEquals.java:179)
	at org.junit.jupiter.api.Assertions.assertEquals(Assertions.java:508)
	at at.kaindorf.plf1.examdb.pojos.StudentTest.testClassAnnotation(StudentTest.java:57)

at.kaindorf.plf1.examdb.pojos.StudentTest.testGenValAnnotation()  Time elapsed: 0 sec  <<< FAILURE!
org.opentest4j.AssertionFailedError: expected: <true> but was: <false>
	at org.junit.jupiter.api.AssertionUtils.fail(AssertionUtils.java:54)
	at org.junit.jupiter.api.AssertEquals.failNotEqual(AssertEquals.java:195)
	at org.junit.jupiter.api.AssertEquals.assertEquals(AssertEquals.java:184)
	at org.junit.jupiter.api.AssertEquals.assertEquals(AssertEquals.java:179)
	at org.junit.jupiter.api.Assertions.assertEquals(Assertions.java:508)
	at at.kaindorf.plf1.examdb.pojos.StudentTest.testGenValAnnotation(StudentTest.java:75)

at.kaindorf.plf1.examdb.pojos.StudentTest.testColumnAnnotationID()  Time elapsed: 0 sec  <<< FAILURE!
java.lang.NullPointerException
	at at.kaindorf.plf1.examdb.pojos.StudentTest.testColumnAnnotationID(StudentTest.java:82)

at.kaindorf.plf1.examdb.pojos.StudentTest.testManyToOneAnnotation()  Time elapsed: 0 sec  <<< FAILURE!
org.opentest4j.AssertionFailedError: expected: <true> but was: <false>
	at org.junit.jupiter.api.AssertionUtils.fail(AssertionUtils.java:54)
	at org.junit.jupiter.api.AssertEquals.failNotEqual(AssertEquals.java:195)
	at org.junit.jupiter.api.AssertEquals.assertEquals(AssertEquals.java:184)
	at org.junit.jupiter.api.AssertEquals.assertEquals(AssertEquals.java:179)
	at org.junit.jupiter.api.Assertions.assertEquals(Assertions.java:508)
	at at.kaindorf.plf1.examdb.pojos.StudentTest.testManyToOneAnnotation(StudentTest.java:122)

at.kaindorf.plf1.examdb.pojos.StudentTest.testNamedQueryAnnotation1()  Time elapsed: 0 sec  <<< FAILURE!
java.lang.NullPointerException
	at at.kaindorf.plf1.examdb.pojos.StudentTest.testNamedQueryAnnotation1(StudentTest.java:138)

at.kaindorf.plf1.examdb.pojos.StudentTest.testNamedQueryAnnotation2()  Time elapsed: 0 sec  <<< FAILURE!
java.lang.NullPointerException
	at at.kaindorf.plf1.examdb.pojos.StudentTest.testNamedQueryAnnotation2(StudentTest.java:147)

at.kaindorf.plf1.examdb.pojos.StudentTest.testOneToManyAnnotation()  Time elapsed: 0 sec  <<< FAILURE!
org.opentest4j.AssertionFailedError: expected: <true> but was: <false>
	at org.junit.jupiter.api.AssertionUtils.fail(AssertionUtils.java:54)
	at org.junit.jupiter.api.AssertEquals.failNotEqual(AssertEquals.java:195)
	at org.junit.jupiter.api.AssertEquals.assertEquals(AssertEquals.java:184)
	at org.junit.jupiter.api.AssertEquals.assertEquals(AssertEquals.java:179)
	at org.junit.jupiter.api.Assertions.assertEquals(Assertions.java:508)
	at at.kaindorf.plf1.examdb.pojos.StudentTest.testOneToManyAnnotation(StudentTest.java:113)

at.kaindorf.plf1.examdb.pojos.StudentTest.testColumnAnnotationFirstname()  Time elapsed: 0 sec  <<< FAILURE!
java.lang.NullPointerException
	at at.kaindorf.plf1.examdb.pojos.StudentTest.testColumnAnnotationFirstname(StudentTest.java:90)

at.kaindorf.plf1.examdb.pojos.StudentTest.testColumnAnnotationLastname()  Time elapsed: 0 sec  <<< FAILURE!
java.lang.NullPointerException
	at at.kaindorf.plf1.examdb.pojos.StudentTest.testColumnAnnotationLastname(StudentTest.java:99)

at.kaindorf.plf1.examdb.pojos.StudentTest.testJoinColumnAnnotation()  Time elapsed: 0 sec  <<< FAILURE!
java.lang.NullPointerException
	at at.kaindorf.plf1.examdb.pojos.StudentTest.testJoinColumnAnnotation(StudentTest.java:129)

at.kaindorf.plf1.examdb.pojos.StudentTest.testIdAnnotation()  Time elapsed: 0.001 sec  <<< FAILURE!
org.opentest4j.AssertionFailedError: expected: <true> but was: <false>
	at org.junit.jupiter.api.AssertionUtils.fail(AssertionUtils.java:54)
	at org.junit.jupiter.api.AssertEquals.failNotEqual(AssertEquals.java:195)
	at org.junit.jupiter.api.AssertEquals.assertEquals(AssertEquals.java:184)
	at org.junit.jupiter.api.AssertEquals.assertEquals(AssertEquals.java:179)
	at org.junit.jupiter.api.Assertions.assertEquals(Assertions.java:508)
	at at.kaindorf.plf1.examdb.pojos.StudentTest.testIdAnnotation(StudentTest.java:66)

