-------------------------------------------------------------------------------
Test set: at.kaindorf.plf1.examdb.pojos.SubjectTest
-------------------------------------------------------------------------------
Tests run: 7, Failures: 7, Errors: 0, Skipped: 0, Time elapsed: 0.001 sec <<< FAILURE!
at.kaindorf.plf1.examdb.pojos.SubjectTest.testClassAnnotation()  Time elapsed: 0 sec  <<< FAILURE!
org.opentest4j.AssertionFailedError: expected: <true> but was: <false>
	at org.junit.jupiter.api.AssertionUtils.fail(AssertionUtils.java:54)
	at org.junit.jupiter.api.AssertEquals.failNotEqual(AssertEquals.java:195)
	at org.junit.jupiter.api.AssertEquals.assertEquals(AssertEquals.java:184)
	at org.junit.jupiter.api.AssertEquals.assertEquals(AssertEquals.java:179)
	at org.junit.jupiter.api.Assertions.assertEquals(Assertions.java:508)
	at at.kaindorf.plf1.examdb.pojos.SubjectTest.testClassAnnotation(SubjectTest.java:54)

at.kaindorf.plf1.examdb.pojos.SubjectTest.testGenValAnnotation()  Time elapsed: 0 sec  <<< FAILURE!
org.opentest4j.AssertionFailedError: expected: <true> but was: <false>
	at org.junit.jupiter.api.AssertionUtils.fail(AssertionUtils.java:54)
	at org.junit.jupiter.api.AssertEquals.failNotEqual(AssertEquals.java:195)
	at org.junit.jupiter.api.AssertEquals.assertEquals(AssertEquals.java:184)
	at org.junit.jupiter.api.AssertEquals.assertEquals(AssertEquals.java:179)
	at org.junit.jupiter.api.Assertions.assertEquals(Assertions.java:508)
	at at.kaindorf.plf1.examdb.pojos.SubjectTest.testGenValAnnotation(SubjectTest.java:70)

at.kaindorf.plf1.examdb.pojos.SubjectTest.testOneToManyAnnotation()  Time elapsed: 0 sec  <<< FAILURE!
org.opentest4j.AssertionFailedError: expected: <true> but was: <false>
	at org.junit.jupiter.api.AssertionUtils.fail(AssertionUtils.java:54)
	at org.junit.jupiter.api.AssertEquals.failNotEqual(AssertEquals.java:195)
	at org.junit.jupiter.api.AssertEquals.assertEquals(AssertEquals.java:184)
	at org.junit.jupiter.api.AssertEquals.assertEquals(AssertEquals.java:179)
	at org.junit.jupiter.api.Assertions.assertEquals(Assertions.java:508)
	at at.kaindorf.plf1.examdb.pojos.SubjectTest.testOneToManyAnnotation(SubjectTest.java:108)

at.kaindorf.plf1.examdb.pojos.SubjectTest.testColumnAnnotationLongname()  Time elapsed: 0 sec  <<< FAILURE!
java.lang.NullPointerException
	at at.kaindorf.plf1.examdb.pojos.SubjectTest.testColumnAnnotationLongname(SubjectTest.java:85)

at.kaindorf.plf1.examdb.pojos.SubjectTest.testColumnAnnotationShortname()  Time elapsed: 0 sec  <<< FAILURE!
java.lang.NullPointerException
	at at.kaindorf.plf1.examdb.pojos.SubjectTest.testColumnAnnotationShortname(SubjectTest.java:93)

at.kaindorf.plf1.examdb.pojos.SubjectTest.testColumnAnnotationClassId()  Time elapsed: 0 sec  <<< FAILURE!
java.lang.NullPointerException
	at at.kaindorf.plf1.examdb.pojos.SubjectTest.testColumnAnnotationClassId(SubjectTest.java:77)

at.kaindorf.plf1.examdb.pojos.SubjectTest.testIdAnnotation()  Time elapsed: 0.001 sec  <<< FAILURE!
org.opentest4j.AssertionFailedError: expected: <true> but was: <false>
	at org.junit.jupiter.api.AssertionUtils.fail(AssertionUtils.java:54)
	at org.junit.jupiter.api.AssertEquals.failNotEqual(AssertEquals.java:195)
	at org.junit.jupiter.api.AssertEquals.assertEquals(AssertEquals.java:184)
	at org.junit.jupiter.api.AssertEquals.assertEquals(AssertEquals.java:179)
	at org.junit.jupiter.api.Assertions.assertEquals(Assertions.java:508)
	at at.kaindorf.plf1.examdb.pojos.SubjectTest.testIdAnnotation(SubjectTest.java:62)

