<?xml version="1.0" encoding="UTF-8" ?>
<testsuite tests="8" failures="8" name="at.kaindorf.plf1.examdb.pojos.ExamTest" time="0.001" errors="0" skipped="0">
  <properties>
[...]
</properties>
  <testcase classname="at.kaindorf.plf1.examdb.pojos.ExamTest" name="at.kaindorf.plf1.examdb.pojos.ExamTest.testJoinColumnAnnotationStudent" time="0">
    <failure type="java.lang.NullPointerException">java.lang.NullPointerException
	at at.kaindorf.plf1.examdb.pojos.ExamTest.testJoinColumnAnnotationStudent(ExamTest.java:99)
</failure>
    <system-out>@JoinColumn-Annotation-student
</system-out>
  </testcase>
  <testcase classname="at.kaindorf.plf1.examdb.pojos.ExamTest" name="at.kaindorf.plf1.examdb.pojos.ExamTest.testClassAnnotation" time="0">
    <failure message="expected: &lt;true&gt; but was: &lt;false&gt;" type="org.opentest4j.AssertionFailedError">org.opentest4j.AssertionFailedError: expected: &lt;true&gt; but was: &lt;false&gt;
	at org.junit.jupiter.api.AssertionUtils.fail(AssertionUtils.java:54)
	at org.junit.jupiter.api.AssertEquals.failNotEqual(AssertEquals.java:195)
	at org.junit.jupiter.api.AssertEquals.assertEquals(AssertEquals.java:184)
	at org.junit.jupiter.api.AssertEquals.assertEquals(AssertEquals.java:179)
	at org.junit.jupiter.api.Assertions.assertEquals(Assertions.java:508)
	at at.kaindorf.plf1.examdb.pojos.ExamTest.testClassAnnotation(ExamTest.java:57)
</failure>
    <system-out>@Entity-Annotation failed &lt;&lt;&lt;&lt;&lt;
</system-out>
  </testcase>
  <testcase classname="at.kaindorf.plf1.examdb.pojos.ExamTest" name="at.kaindorf.plf1.examdb.pojos.ExamTest.testGenValAnnotation" time="0">
    <failure message="expected: &lt;true&gt; but was: &lt;false&gt;" type="org.opentest4j.AssertionFailedError">org.opentest4j.AssertionFailedError: expected: &lt;true&gt; but was: &lt;false&gt;
	at org.junit.jupiter.api.AssertionUtils.fail(AssertionUtils.java:54)
	at org.junit.jupiter.api.AssertEquals.failNotEqual(AssertEquals.java:195)
	at org.junit.jupiter.api.AssertEquals.assertEquals(AssertEquals.java:184)
	at org.junit.jupiter.api.AssertEquals.assertEquals(AssertEquals.java:179)
	at org.junit.jupiter.api.Assertions.assertEquals(Assertions.java:508)
	at at.kaindorf.plf1.examdb.pojos.ExamTest.testGenValAnnotation(ExamTest.java:75)
</failure>
    <system-out>@GeneratedValue-Annotation failed &lt;&lt;&lt;&lt;&lt;
</system-out>
  </testcase>
  <testcase classname="at.kaindorf.plf1.examdb.pojos.ExamTest" name="at.kaindorf.plf1.examdb.pojos.ExamTest.testColumnAnnotationID" time="0">
    <failure type="java.lang.NullPointerException">java.lang.NullPointerException
	at at.kaindorf.plf1.examdb.pojos.ExamTest.testColumnAnnotationID(ExamTest.java:82)
</failure>
    <system-out>@Column-Annotation-examId
</system-out>
  </testcase>
  <testcase classname="at.kaindorf.plf1.examdb.pojos.ExamTest" name="at.kaindorf.plf1.examdb.pojos.ExamTest.testManyToOneAnnotationSubject" time="0.001">
    <failure message="expected: &lt;true&gt; but was: &lt;false&gt;" type="org.opentest4j.AssertionFailedError">org.opentest4j.AssertionFailedError: expected: &lt;true&gt; but was: &lt;false&gt;
	at org.junit.jupiter.api.AssertionUtils.fail(AssertionUtils.java:54)
	at org.junit.jupiter.api.AssertEquals.failNotEqual(AssertEquals.java:195)
	at org.junit.jupiter.api.AssertEquals.assertEquals(AssertEquals.java:184)
	at org.junit.jupiter.api.AssertEquals.assertEquals(AssertEquals.java:179)
	at org.junit.jupiter.api.Assertions.assertEquals(Assertions.java:508)
	at at.kaindorf.plf1.examdb.pojos.ExamTest.testManyToOneAnnotationSubject(ExamTest.java:109)
</failure>
    <system-out>@ManyToOne-Annotation-subject failed &lt;&lt;&lt;&lt;&lt;
</system-out>
  </testcase>
  <testcase classname="at.kaindorf.plf1.examdb.pojos.ExamTest" name="at.kaindorf.plf1.examdb.pojos.ExamTest.testJoinColumnAnnotationSubject" time="0">
    <failure type="java.lang.NullPointerException">java.lang.NullPointerException
	at at.kaindorf.plf1.examdb.pojos.ExamTest.testJoinColumnAnnotationSubject(ExamTest.java:116)
</failure>
    <system-out>@JoinColumn-Annotation-subject
</system-out>
  </testcase>
  <testcase classname="at.kaindorf.plf1.examdb.pojos.ExamTest" name="at.kaindorf.plf1.examdb.pojos.ExamTest.testManyToOneAnnotationStudent" time="0">
    <failure message="expected: &lt;true&gt; but was: &lt;false&gt;" type="org.opentest4j.AssertionFailedError">org.opentest4j.AssertionFailedError: expected: &lt;true&gt; but was: &lt;false&gt;
	at org.junit.jupiter.api.AssertionUtils.fail(AssertionUtils.java:54)
	at org.junit.jupiter.api.AssertEquals.failNotEqual(AssertEquals.java:195)
	at org.junit.jupiter.api.AssertEquals.assertEquals(AssertEquals.java:184)
	at org.junit.jupiter.api.AssertEquals.assertEquals(AssertEquals.java:179)
	at org.junit.jupiter.api.Assertions.assertEquals(Assertions.java:508)
	at at.kaindorf.plf1.examdb.pojos.ExamTest.testManyToOneAnnotationStudent(ExamTest.java:92)
</failure>
    <system-out>@ManyToOne-Annotation-student failed &lt;&lt;&lt;&lt;&lt;
</system-out>
  </testcase>
  <testcase classname="at.kaindorf.plf1.examdb.pojos.ExamTest" name="at.kaindorf.plf1.examdb.pojos.ExamTest.testIdAnnotation" time="0">
    <failure message="expected: &lt;true&gt; but was: &lt;false&gt;" type="org.opentest4j.AssertionFailedError">org.opentest4j.AssertionFailedError: expected: &lt;true&gt; but was: &lt;false&gt;
	at org.junit.jupiter.api.AssertionUtils.fail(AssertionUtils.java:54)
	at org.junit.jupiter.api.AssertEquals.failNotEqual(AssertEquals.java:195)
	at org.junit.jupiter.api.AssertEquals.assertEquals(AssertEquals.java:184)
	at org.junit.jupiter.api.AssertEquals.assertEquals(AssertEquals.java:179)
	at org.junit.jupiter.api.Assertions.assertEquals(Assertions.java:508)
	at at.kaindorf.plf1.examdb.pojos.ExamTest.testIdAnnotation(ExamTest.java:66)
</failure>
    <system-out>@Id-Annotation failed &lt;&lt;&lt;&lt;&lt;
</system-out>
  </testcase>
</testsuite>