<?xml version="1.0" encoding="UTF-8" ?>
<testsuite tests="7" failures="7" name="at.kaindorf.plf1.examdb.pojos.SubjectTest" time="0.001" errors="0" skipped="0">
  <properties>
[...]
</properties>
  <testcase classname="at.kaindorf.plf1.examdb.pojos.SubjectTest" name="at.kaindorf.plf1.examdb.pojos.SubjectTest.testClassAnnotation" time="0">
    <failure message="expected: &lt;true&gt; but was: &lt;false&gt;" type="org.opentest4j.AssertionFailedError">org.opentest4j.AssertionFailedError: expected: &lt;true&gt; but was: &lt;false&gt;
	at org.junit.jupiter.api.AssertionUtils.fail(AssertionUtils.java:54)
	at org.junit.jupiter.api.AssertEquals.failNotEqual(AssertEquals.java:195)
	at org.junit.jupiter.api.AssertEquals.assertEquals(AssertEquals.java:184)
	at org.junit.jupiter.api.AssertEquals.assertEquals(AssertEquals.java:179)
	at org.junit.jupiter.api.Assertions.assertEquals(Assertions.java:508)
	at at.kaindorf.plf1.examdb.pojos.SubjectTest.testClassAnnotation(SubjectTest.java:54)
</failure>
    <system-out>@Entity-Annotation
</system-out>
  </testcase>
  <testcase classname="at.kaindorf.plf1.examdb.pojos.SubjectTest" name="at.kaindorf.plf1.examdb.pojos.SubjectTest.testGenValAnnotation" time="0">
    <failure message="expected: &lt;true&gt; but was: &lt;false&gt;" type="org.opentest4j.AssertionFailedError">org.opentest4j.AssertionFailedError: expected: &lt;true&gt; but was: &lt;false&gt;
	at org.junit.jupiter.api.AssertionUtils.fail(AssertionUtils.java:54)
	at org.junit.jupiter.api.AssertEquals.failNotEqual(AssertEquals.java:195)
	at org.junit.jupiter.api.AssertEquals.assertEquals(AssertEquals.java:184)
	at org.junit.jupiter.api.AssertEquals.assertEquals(AssertEquals.java:179)
	at org.junit.jupiter.api.Assertions.assertEquals(Assertions.java:508)
	at at.kaindorf.plf1.examdb.pojos.SubjectTest.testGenValAnnotation(SubjectTest.java:70)
</failure>
    <system-out>@GeneratedValue-Annotation
</system-out>
  </testcase>
  <testcase classname="at.kaindorf.plf1.examdb.pojos.SubjectTest" name="at.kaindorf.plf1.examdb.pojos.SubjectTest.testOneToManyAnnotation" time="0">
    <failure message="expected: &lt;true&gt; but was: &lt;false&gt;" type="org.opentest4j.AssertionFailedError">org.opentest4j.AssertionFailedError: expected: &lt;true&gt; but was: &lt;false&gt;
	at org.junit.jupiter.api.AssertionUtils.fail(AssertionUtils.java:54)
	at org.junit.jupiter.api.AssertEquals.failNotEqual(AssertEquals.java:195)
	at org.junit.jupiter.api.AssertEquals.assertEquals(AssertEquals.java:184)
	at org.junit.jupiter.api.AssertEquals.assertEquals(AssertEquals.java:179)
	at org.junit.jupiter.api.Assertions.assertEquals(Assertions.java:508)
	at at.kaindorf.plf1.examdb.pojos.SubjectTest.testOneToManyAnnotation(SubjectTest.java:108)
</failure>
    <system-out>@OneToMany-Annotation
</system-out>
  </testcase>
  <testcase classname="at.kaindorf.plf1.examdb.pojos.SubjectTest" name="at.kaindorf.plf1.examdb.pojos.SubjectTest.testColumnAnnotationLongname" time="0">
    <failure type="java.lang.NullPointerException">java.lang.NullPointerException
	at at.kaindorf.plf1.examdb.pojos.SubjectTest.testColumnAnnotationLongname(SubjectTest.java:85)
</failure>
    <system-out>@Column-Annotation-classname
</system-out>
  </testcase>
  <testcase classname="at.kaindorf.plf1.examdb.pojos.SubjectTest" name="at.kaindorf.plf1.examdb.pojos.SubjectTest.testColumnAnnotationShortname" time="0">
    <failure type="java.lang.NullPointerException">java.lang.NullPointerException
	at at.kaindorf.plf1.examdb.pojos.SubjectTest.testColumnAnnotationShortname(SubjectTest.java:93)
</failure>
    <system-out>@Column-Annotation-classname
</system-out>
  </testcase>
  <testcase classname="at.kaindorf.plf1.examdb.pojos.SubjectTest" name="at.kaindorf.plf1.examdb.pojos.SubjectTest.testColumnAnnotationClassId" time="0">
    <failure type="java.lang.NullPointerException">java.lang.NullPointerException
	at at.kaindorf.plf1.examdb.pojos.SubjectTest.testColumnAnnotationClassId(SubjectTest.java:77)
</failure>
    <system-out>@Column-Annotation-classId
</system-out>
  </testcase>
  <testcase classname="at.kaindorf.plf1.examdb.pojos.SubjectTest" name="at.kaindorf.plf1.examdb.pojos.SubjectTest.testIdAnnotation" time="0.001">
    <failure message="expected: &lt;true&gt; but was: &lt;false&gt;" type="org.opentest4j.AssertionFailedError">org.opentest4j.AssertionFailedError: expected: &lt;true&gt; but was: &lt;false&gt;
	at org.junit.jupiter.api.AssertionUtils.fail(AssertionUtils.java:54)
	at org.junit.jupiter.api.AssertEquals.failNotEqual(AssertEquals.java:195)
	at org.junit.jupiter.api.AssertEquals.assertEquals(AssertEquals.java:184)
	at org.junit.jupiter.api.AssertEquals.assertEquals(AssertEquals.java:179)
	at org.junit.jupiter.api.Assertions.assertEquals(Assertions.java:508)
	at at.kaindorf.plf1.examdb.pojos.SubjectTest.testIdAnnotation(SubjectTest.java:62)
</failure>
    <system-out>@Id-Annotation
</system-out>
  </testcase>
</testsuite>