<?xml version="1.0" encoding="UTF-8" ?>
<testsuite tests="11" failures="11" name="at.kaindorf.plf1.examdb.pojos.StudentTest" time="0.002" errors="0" skipped="0">
  <properties>
[...]
</properties>
  <testcase classname="at.kaindorf.plf1.examdb.pojos.StudentTest" name="at.kaindorf.plf1.examdb.pojos.StudentTest.testClassAnnotation" time="0.001">
    <failure message="expected: &lt;true&gt; but was: &lt;false&gt;" type="org.opentest4j.AssertionFailedError">org.opentest4j.AssertionFailedError: expected: &lt;true&gt; but was: &lt;false&gt;
	at org.junit.jupiter.api.AssertionUtils.fail(AssertionUtils.java:54)
	at org.junit.jupiter.api.AssertEquals.failNotEqual(AssertEquals.java:195)
	at org.junit.jupiter.api.AssertEquals.assertEquals(AssertEquals.java:184)
	at org.junit.jupiter.api.AssertEquals.assertEquals(AssertEquals.java:179)
	at org.junit.jupiter.api.Assertions.assertEquals(Assertions.java:508)
	at at.kaindorf.plf1.examdb.pojos.StudentTest.testClassAnnotation(StudentTest.java:57)
</failure>
    <system-out>@Entity-Annotation failed &lt;&lt;&lt;&lt;&lt;
</system-out>
  </testcase>
  <testcase classname="at.kaindorf.plf1.examdb.pojos.StudentTest" name="at.kaindorf.plf1.examdb.pojos.StudentTest.testGenValAnnotation" time="0">
    <failure message="expected: &lt;true&gt; but was: &lt;false&gt;" type="org.opentest4j.AssertionFailedError">org.opentest4j.AssertionFailedError: expected: &lt;true&gt; but was: &lt;false&gt;
	at org.junit.jupiter.api.AssertionUtils.fail(AssertionUtils.java:54)
	at org.junit.jupiter.api.AssertEquals.failNotEqual(AssertEquals.java:195)
	at org.junit.jupiter.api.AssertEquals.assertEquals(AssertEquals.java:184)
	at org.junit.jupiter.api.AssertEquals.assertEquals(AssertEquals.java:179)
	at org.junit.jupiter.api.Assertions.assertEquals(Assertions.java:508)
	at at.kaindorf.plf1.examdb.pojos.StudentTest.testGenValAnnotation(StudentTest.java:75)
</failure>
    <system-out>@GeneratedValue-Annotation failed &lt;&lt;&lt;&lt;&lt;
</system-out>
  </testcase>
  <testcase classname="at.kaindorf.plf1.examdb.pojos.StudentTest" name="at.kaindorf.plf1.examdb.pojos.StudentTest.testColumnAnnotationID" time="0">
    <failure type="java.lang.NullPointerException">java.lang.NullPointerException
	at at.kaindorf.plf1.examdb.pojos.StudentTest.testColumnAnnotationID(StudentTest.java:82)
</failure>
    <system-out>@Column-Annotation-classId
</system-out>
  </testcase>
  <testcase classname="at.kaindorf.plf1.examdb.pojos.StudentTest" name="at.kaindorf.plf1.examdb.pojos.StudentTest.testManyToOneAnnotation" time="0">
    <failure message="expected: &lt;true&gt; but was: &lt;false&gt;" type="org.opentest4j.AssertionFailedError">org.opentest4j.AssertionFailedError: expected: &lt;true&gt; but was: &lt;false&gt;
	at org.junit.jupiter.api.AssertionUtils.fail(AssertionUtils.java:54)
	at org.junit.jupiter.api.AssertEquals.failNotEqual(AssertEquals.java:195)
	at org.junit.jupiter.api.AssertEquals.assertEquals(AssertEquals.java:184)
	at org.junit.jupiter.api.AssertEquals.assertEquals(AssertEquals.java:179)
	at org.junit.jupiter.api.Assertions.assertEquals(Assertions.java:508)
	at at.kaindorf.plf1.examdb.pojos.StudentTest.testManyToOneAnnotation(StudentTest.java:122)
</failure>
    <system-out>@ManyToOne-Annotation failed &lt;&lt;&lt;&lt;&lt;
</system-out>
  </testcase>
  <testcase classname="at.kaindorf.plf1.examdb.pojos.StudentTest" name="at.kaindorf.plf1.examdb.pojos.StudentTest.testNamedQueryAnnotation1" time="0">
    <failure type="java.lang.NullPointerException">java.lang.NullPointerException
	at at.kaindorf.plf1.examdb.pojos.StudentTest.testNamedQueryAnnotation1(StudentTest.java:138)
</failure>
    <system-out>@NamedQuery1-Annotation</system-out>
  </testcase>
  <testcase classname="at.kaindorf.plf1.examdb.pojos.StudentTest" name="at.kaindorf.plf1.examdb.pojos.StudentTest.testNamedQueryAnnotation2" time="0">
    <failure type="java.lang.NullPointerException">java.lang.NullPointerException
	at at.kaindorf.plf1.examdb.pojos.StudentTest.testNamedQueryAnnotation2(StudentTest.java:147)
</failure>
    <system-out>@NamedQuery2-Annotation</system-out>
  </testcase>
  <testcase classname="at.kaindorf.plf1.examdb.pojos.StudentTest" name="at.kaindorf.plf1.examdb.pojos.StudentTest.testOneToManyAnnotation" time="0">
    <failure message="expected: &lt;true&gt; but was: &lt;false&gt;" type="org.opentest4j.AssertionFailedError">org.opentest4j.AssertionFailedError: expected: &lt;true&gt; but was: &lt;false&gt;
	at org.junit.jupiter.api.AssertionUtils.fail(AssertionUtils.java:54)
	at org.junit.jupiter.api.AssertEquals.failNotEqual(AssertEquals.java:195)
	at org.junit.jupiter.api.AssertEquals.assertEquals(AssertEquals.java:184)
	at org.junit.jupiter.api.AssertEquals.assertEquals(AssertEquals.java:179)
	at org.junit.jupiter.api.Assertions.assertEquals(Assertions.java:508)
	at at.kaindorf.plf1.examdb.pojos.StudentTest.testOneToManyAnnotation(StudentTest.java:113)
</failure>
    <system-out>@OneToMany-Annotation failed &lt;&lt;&lt;&lt;&lt;
</system-out>
  </testcase>
  <testcase classname="at.kaindorf.plf1.examdb.pojos.StudentTest" name="at.kaindorf.plf1.examdb.pojos.StudentTest.testColumnAnnotationFirstname" time="0">
    <failure type="java.lang.NullPointerException">java.lang.NullPointerException
	at at.kaindorf.plf1.examdb.pojos.StudentTest.testColumnAnnotationFirstname(StudentTest.java:90)
</failure>
    <system-out>@Column-Annotation firstanme</system-out>
  </testcase>
  <testcase classname="at.kaindorf.plf1.examdb.pojos.StudentTest" name="at.kaindorf.plf1.examdb.pojos.StudentTest.testColumnAnnotationLastname" time="0">
    <failure type="java.lang.NullPointerException">java.lang.NullPointerException
	at at.kaindorf.plf1.examdb.pojos.StudentTest.testColumnAnnotationLastname(StudentTest.java:99)
</failure>
    <system-out>@Column-Annotation lastanme</system-out>
  </testcase>
  <testcase classname="at.kaindorf.plf1.examdb.pojos.StudentTest" name="at.kaindorf.plf1.examdb.pojos.StudentTest.testJoinColumnAnnotation" time="0">
    <failure type="java.lang.NullPointerException">java.lang.NullPointerException
	at at.kaindorf.plf1.examdb.pojos.StudentTest.testJoinColumnAnnotation(StudentTest.java:129)
</failure>
    <system-out>@JoinColumn-Annotation</system-out>
  </testcase>
  <testcase classname="at.kaindorf.plf1.examdb.pojos.StudentTest" name="at.kaindorf.plf1.examdb.pojos.StudentTest.testIdAnnotation" time="0.001">
    <failure message="expected: &lt;true&gt; but was: &lt;false&gt;" type="org.opentest4j.AssertionFailedError">org.opentest4j.AssertionFailedError: expected: &lt;true&gt; but was: &lt;false&gt;
	at org.junit.jupiter.api.AssertionUtils.fail(AssertionUtils.java:54)
	at org.junit.jupiter.api.AssertEquals.failNotEqual(AssertEquals.java:195)
	at org.junit.jupiter.api.AssertEquals.assertEquals(AssertEquals.java:184)
	at org.junit.jupiter.api.AssertEquals.assertEquals(AssertEquals.java:179)
	at org.junit.jupiter.api.Assertions.assertEquals(Assertions.java:508)
	at at.kaindorf.plf1.examdb.pojos.StudentTest.testIdAnnotation(StudentTest.java:66)
</failure>
    <system-out>@Id-Annotation failed &lt;&lt;&lt;&lt;&lt;
</system-out>
  </testcase>
</testsuite>